<?xml version="1.0" encoding="UTF-8" ?>
<testsuite errors="0" failures="0" hostname="Melina-Mongiovis-MacBook-Pro.local" name="RandoopTest0" tests="136" time="0.165" timestamp="2014-02-10T18:33:36">
  <properties>
    <property name="java.runtime.name" value="Java(TM) SE Runtime Environment" />
    <property name="sun.boot.library.path" value="/System/Library/Java/JavaVirtualMachines/1.6.0.jdk/Contents/Libraries" />
    <property name="java.vm.version" value="19.1-b02-334" />
    <property name="awt.nativeDoubleBuffering" value="true" />
    <property name="gopherProxySet" value="false" />
    <property name="ant.version" value="Apache Ant version 1.8.1 compiled on April 30 2010" />
    <property name="mrj.build" value="10M3326" />
    <property name="ant.java.version" value="1.6" />
    <property name="java.vm.vendor" value="Apple Inc." />
    <property name="java.vendor.url" value="http://www.apple.com/" />
    <property name="path.separator" value=":" />
    <property name="java.vm.name" value="Java HotSpot(TM) 64-Bit Server VM" />
    <property name="file.encoding.pkg" value="sun.io" />
    <property name="user.country" value="US" />
    <property name="sun.java.launcher" value="SUN_STANDARD" />
    <property name="sun.os.patch.level" value="unknown" />
    <property name="java.vm.specification.name" value="Java Virtual Machine Specification" />
    <property name="user.dir" value="/Users/melmongiovi/git3/saferefactorimpact" />
    <property name="java.runtime.version" value="1.6.0_24-b07-334-10M3326" />
    <property name="java.awt.graphicsenv" value="apple.awt.CGraphicsEnvironment" />
    <property name="ant.file.type.1RefactoringProject" value="url" />
    <property name="basedir" value="/Users/melmongiovi/git3/saferefactorimpact" />
    <property name="java.endorsed.dirs" value="/System/Library/Java/JavaVirtualMachines/1.6.0.jdk/Contents/Home/lib/endorsed" />
    <property name="os.arch" value="x86_64" />
    <property name="ant.project.default-target" value="run_tests" />
    <property name="java.io.tmpdir" value="/var/folders/uB/uBSypadvEUa5OUqqynr2Tk+++TI/-Tmp-/" />
    <property name="ant.core.lib" value="/Users/melmongiovi/git3/saferefactorimpact/lib/ant.jar" />
    <property name="line.separator" value="
" />
    <property name="libClasspath" value="/Users/melmongiovi/git3/saferefactorimpact/test/subjects/subject14source/bin" />
    <property name="java.vm.specification.vendor" value="Sun Microsystems Inc." />
    <property name="os.name" value="Mac OS X" />
    <property name="ant.project.name" value="1RefactoringProject" />
    <property name="binClasspath" value="/Users/melmongiovi/git3/saferefactorimpact/test/subjects/subject14source/bin" />
    <property name="sun.jnu.encoding" value="MacRoman" />
    <property name="ant.file.1RefactoringProject" value="file:/Users/melmongiovi/git3/saferefactorimpact/bin/build_run.xml" />
    <property name="java.library.path" value=".:/Library/Java/Extensions:/System/Library/Java/Extensions:/usr/lib/java" />
    <property name="java.class.version" value="50.0" />
    <property name="java.specification.name" value="Java Platform API Specification" />
    <property name="sun.management.compiler" value="HotSpot 64-Bit Server Compiler" />
    <property name="os.version" value="10.6.7" />
    <property name="http.nonProxyHosts" value="local|*.local|169.254/16|*.169.254/16" />
    <property name="user.home" value="/Users/melmongiovi" />
    <property name="user.timezone" value="" />
    <property name="java.awt.printerjob" value="apple.awt.CPrinterJob" />
    <property name="java.specification.version" value="1.6" />
    <property name="file.encoding" value="MacRoman" />
    <property name="user.name" value="melmongiovi" />
    <property name="java.class.path" value="/Users/melmongiovi/git3/saferefactorimpact/test/subjects/subject14source/bin:/Users/melmongiovi/git3/saferefactorimpact/test/subjects/subject14source/test:/Users/melmongiovi/git3/saferefactorimpact/bin:/Users/melmongiovi/git3/saferefactorimpact/lib/ant-junit.jar:/Users/melmongiovi/git3/saferefactorimpact/lib/ant-launcher.jar:/Users/melmongiovi/git3/saferefactorimpact/lib/ant.jar:/Users/melmongiovi/git3/saferefactorimpact/lib/asm-3.0.jar:/Users/melmongiovi/git3/saferefactorimpact/lib/aspectjrt.jar:/Users/melmongiovi/git3/saferefactorimpact/lib/aspectjtools.jar:/Users/melmongiovi/git3/saferefactorimpact/lib/javaparser-1.0.8.jar:/Users/melmongiovi/git3/saferefactorimpact/lib/jdom-1.1.3.jar:/Users/melmongiovi/git3/saferefactorimpact/lib/junit-4.5.jar:/Users/melmongiovi/git3/saferefactorimpact/lib/org.eclipse.jdt.core_3.2.3.v_686_R32x.jar:/Users/melmongiovi/git3/saferefactorimpact/lib/plume-lib-1.0.3.jar:/Users/melmongiovi/git3/saferefactorimpact/lib/plume.jar:/Users/melmongiovi/git3/saferefactorimpact/lib/emma_ant.jar:/Users/melmongiovi/git3/saferefactorimpact/lib/emma.jar:/Users/melmongiovi/Downloads/eclipse4/plugins/org.junit_4.8.1.v4_8_1_v20100427-1100/junit.jar:/Users/melmongiovi/Downloads/eclipse4/plugins/org.hamcrest.core_1.1.0.v20090501071000.jar:/Users/melmongiovi/Downloads/eclipse4/configuration/org.eclipse.osgi/bundles/212/1/.cp:/Users/melmongiovi/Downloads/eclipse4/configuration/org.eclipse.osgi/bundles/210/1/.cp:/Users/melmongiovi/Downloads/eclipse4/configuration/org.eclipse.osgi/bundles/211/1/.cp" />
    <property name="report.dir" value="test/subjects/subject14source/report" />
    <property name="java.vm.specification.version" value="1.0" />
    <property name="sun.arch.data.model" value="64" />
    <property name="java.home" value="/System/Library/Java/JavaVirtualMachines/1.6.0.jdk/Contents/Home" />
    <property name="java.specification.vendor" value="Sun Microsystems Inc." />
    <property name="user.language" value="en" />
    <property name="awt.toolkit" value="apple.awt.CToolkit" />
    <property name="java.vm.info" value="mixed mode" />
    <property name="java.version" value="1.6.0_24" />
    <property name="java.ext.dirs" value="/Library/Java/Extensions:/System/Library/Java/Extensions:/System/Library/Java/JavaVirtualMachines/1.6.0.jdk/Contents/Home/lib/ext" />
    <property name="sun.boot.class.path" value="/System/Library/Java/JavaVirtualMachines/1.6.0.jdk/Contents/Classes/jsfd.jar:/System/Library/Java/JavaVirtualMachines/1.6.0.jdk/Contents/Classes/classes.jar:/System/Library/Frameworks/JavaVM.framework/Frameworks/JavaRuntimeSupport.framework/Resources/Java/JavaRuntimeSupport.jar:/System/Library/Java/JavaVirtualMachines/1.6.0.jdk/Contents/Classes/ui.jar:/System/Library/Java/JavaVirtualMachines/1.6.0.jdk/Contents/Classes/laf.jar:/System/Library/Java/JavaVirtualMachines/1.6.0.jdk/Contents/Classes/sunrsasign.jar:/System/Library/Java/JavaVirtualMachines/1.6.0.jdk/Contents/Classes/jsse.jar:/System/Library/Java/JavaVirtualMachines/1.6.0.jdk/Contents/Classes/jce.jar:/System/Library/Java/JavaVirtualMachines/1.6.0.jdk/Contents/Classes/charsets.jar" />
    <property name="java.vendor" value="Apple Inc." />
    <property name="tests.dir" value="test/subjects/subject14source/test" />
    <property name="file.separator" value="/" />
    <property name="java.vendor.url.bug" value="http://bugreport.apple.com/" />
    <property name="sun.cpu.endian" value="little" />
    <property name="sun.io.unicode.encoding" value="UnicodeLittle" />
    <property name="mrj.version" value="1060.1.6.0_24-334" />
    <property name="socksNonProxyHosts" value="local|*.local|169.254/16|*.169.254/16" />
    <property name="ftp.nonProxyHosts" value="local|*.local|169.254/16|*.169.254/16" />
    <property name="sun.cpu.isalist" value="" />
  </properties>
  <testcase classname="RandoopTest0" name="test1" time="0.028" />
  <testcase classname="RandoopTest0" name="test2" time="0.0010" />
  <testcase classname="RandoopTest0" name="test3" time="0.0" />
  <testcase classname="RandoopTest0" name="test4" time="0.0" />
  <testcase classname="RandoopTest0" name="test5" time="0.0" />
  <testcase classname="RandoopTest0" name="test6" time="0.0010" />
  <testcase classname="RandoopTest0" name="test7" time="0.0" />
  <testcase classname="RandoopTest0" name="test8" time="0.0" />
  <testcase classname="RandoopTest0" name="test9" time="0.0" />
  <testcase classname="RandoopTest0" name="test10" time="0.0" />
  <testcase classname="RandoopTest0" name="test11" time="0.0" />
  <testcase classname="RandoopTest0" name="test12" time="0.0" />
  <testcase classname="RandoopTest0" name="test13" time="0.0010" />
  <testcase classname="RandoopTest0" name="test14" time="0.0" />
  <testcase classname="RandoopTest0" name="test15" time="0.0" />
  <testcase classname="RandoopTest0" name="test16" time="0.0010" />
  <testcase classname="RandoopTest0" name="test17" time="0.0" />
  <testcase classname="RandoopTest0" name="test18" time="0.0" />
  <testcase classname="RandoopTest0" name="test19" time="0.0" />
  <testcase classname="RandoopTest0" name="test20" time="0.0" />
  <testcase classname="RandoopTest0" name="test21" time="0.0" />
  <testcase classname="RandoopTest0" name="test22" time="0.0010" />
  <testcase classname="RandoopTest0" name="test23" time="0.0" />
  <testcase classname="RandoopTest0" name="test24" time="0.0010" />
  <testcase classname="RandoopTest0" name="test25" time="0.0" />
  <testcase classname="RandoopTest0" name="test26" time="0.0" />
  <testcase classname="RandoopTest0" name="test27" time="0.0" />
  <testcase classname="RandoopTest0" name="test28" time="0.0" />
  <testcase classname="RandoopTest0" name="test29" time="0.0" />
  <testcase classname="RandoopTest0" name="test30" time="0.0" />
  <testcase classname="RandoopTest0" name="test31" time="0.0" />
  <testcase classname="RandoopTest0" name="test32" time="0.0" />
  <testcase classname="RandoopTest0" name="test33" time="0.0" />
  <testcase classname="RandoopTest0" name="test34" time="0.0010" />
  <testcase classname="RandoopTest0" name="test35" time="0.0" />
  <testcase classname="RandoopTest0" name="test36" time="0.0" />
  <testcase classname="RandoopTest0" name="test37" time="0.0010" />
  <testcase classname="RandoopTest0" name="test38" time="0.0" />
  <testcase classname="RandoopTest0" name="test39" time="0.0" />
  <testcase classname="RandoopTest0" name="test40" time="0.0" />
  <testcase classname="RandoopTest0" name="test41" time="0.0" />
  <testcase classname="RandoopTest0" name="test42" time="0.0" />
  <testcase classname="RandoopTest0" name="test43" time="0.0" />
  <testcase classname="RandoopTest0" name="test44" time="0.0" />
  <testcase classname="RandoopTest0" name="test45" time="0.0" />
  <testcase classname="RandoopTest0" name="test46" time="0.0" />
  <testcase classname="RandoopTest0" name="test47" time="0.0" />
  <testcase classname="RandoopTest0" name="test48" time="0.0" />
  <testcase classname="RandoopTest0" name="test49" time="0.0010" />
  <testcase classname="RandoopTest0" name="test50" time="0.0" />
  <testcase classname="RandoopTest0" name="test51" time="0.0" />
  <testcase classname="RandoopTest0" name="test52" time="0.0" />
  <testcase classname="RandoopTest0" name="test53" time="0.0" />
  <testcase classname="RandoopTest0" name="test54" time="0.0010" />
  <testcase classname="RandoopTest0" name="test55" time="0.0" />
  <testcase classname="RandoopTest0" name="test56" time="0.0010" />
  <testcase classname="RandoopTest0" name="test57" time="0.0" />
  <testcase classname="RandoopTest0" name="test58" time="0.0" />
  <testcase classname="RandoopTest0" name="test59" time="0.0" />
  <testcase classname="RandoopTest0" name="test60" time="0.0" />
  <testcase classname="RandoopTest0" name="test61" time="0.0" />
  <testcase classname="RandoopTest0" name="test62" time="0.0" />
  <testcase classname="RandoopTest0" name="test63" time="0.0" />
  <testcase classname="RandoopTest0" name="test64" time="0.0" />
  <testcase classname="RandoopTest0" name="test65" time="0.0" />
  <testcase classname="RandoopTest0" name="test66" time="0.0010" />
  <testcase classname="RandoopTest0" name="test67" time="0.0" />
  <testcase classname="RandoopTest0" name="test68" time="0.0" />
  <testcase classname="RandoopTest0" name="test69" time="0.0" />
  <testcase classname="RandoopTest0" name="test70" time="0.0" />
  <testcase classname="RandoopTest0" name="test71" time="0.0" />
  <testcase classname="RandoopTest0" name="test72" time="0.0010" />
  <testcase classname="RandoopTest0" name="test73" time="0.0" />
  <testcase classname="RandoopTest0" name="test74" time="0.0" />
  <testcase classname="RandoopTest0" name="test75" time="0.0" />
  <testcase classname="RandoopTest0" name="test76" time="0.0010" />
  <testcase classname="RandoopTest0" name="test77" time="0.0" />
  <testcase classname="RandoopTest0" name="test78" time="0.0" />
  <testcase classname="RandoopTest0" name="test79" time="0.0010" />
  <testcase classname="RandoopTest0" name="test80" time="0.0" />
  <testcase classname="RandoopTest0" name="test81" time="0.0" />
  <testcase classname="RandoopTest0" name="test82" time="0.0" />
  <testcase classname="RandoopTest0" name="test83" time="0.0010" />
  <testcase classname="RandoopTest0" name="test84" time="0.0" />
  <testcase classname="RandoopTest0" name="test85" time="0.0" />
  <testcase classname="RandoopTest0" name="test86" time="0.0010" />
  <testcase classname="RandoopTest0" name="test87" time="0.0" />
  <testcase classname="RandoopTest0" name="test88" time="0.0" />
  <testcase classname="RandoopTest0" name="test89" time="0.0010" />
  <testcase classname="RandoopTest0" name="test90" time="0.0" />
  <testcase classname="RandoopTest0" name="test91" time="0.0" />
  <testcase classname="RandoopTest0" name="test92" time="0.0010" />
  <testcase classname="RandoopTest0" name="test93" time="0.0010" />
  <testcase classname="RandoopTest0" name="test94" time="0.0" />
  <testcase classname="RandoopTest0" name="test95" time="0.0" />
  <testcase classname="RandoopTest0" name="test96" time="0.0010" />
  <testcase classname="RandoopTest0" name="test97" time="0.0" />
  <testcase classname="RandoopTest0" name="test98" time="0.0" />
  <testcase classname="RandoopTest0" name="test99" time="0.0" />
  <testcase classname="RandoopTest0" name="test100" time="0.0010" />
  <testcase classname="RandoopTest0" name="test101" time="0.0" />
  <testcase classname="RandoopTest0" name="test102" time="0.0" />
  <testcase classname="RandoopTest0" name="test103" time="0.0010" />
  <testcase classname="RandoopTest0" name="test104" time="0.0" />
  <testcase classname="RandoopTest0" name="test105" time="0.0" />
  <testcase classname="RandoopTest0" name="test106" time="0.0010" />
  <testcase classname="RandoopTest0" name="test107" time="0.0" />
  <testcase classname="RandoopTest0" name="test108" time="0.0" />
  <testcase classname="RandoopTest0" name="test109" time="0.0010" />
  <testcase classname="RandoopTest0" name="test110" time="0.0" />
  <testcase classname="RandoopTest0" name="test111" time="0.0" />
  <testcase classname="RandoopTest0" name="test112" time="0.0" />
  <testcase classname="RandoopTest0" name="test113" time="0.0" />
  <testcase classname="RandoopTest0" name="test114" time="0.0" />
  <testcase classname="RandoopTest0" name="test115" time="0.0010" />
  <testcase classname="RandoopTest0" name="test116" time="0.0" />
  <testcase classname="RandoopTest0" name="test117" time="0.0" />
  <testcase classname="RandoopTest0" name="test118" time="0.0" />
  <testcase classname="RandoopTest0" name="test119" time="0.0" />
  <testcase classname="RandoopTest0" name="test120" time="0.0" />
  <testcase classname="RandoopTest0" name="test121" time="0.0" />
  <testcase classname="RandoopTest0" name="test122" time="0.0" />
  <testcase classname="RandoopTest0" name="test123" time="0.0" />
  <testcase classname="RandoopTest0" name="test124" time="0.0" />
  <testcase classname="RandoopTest0" name="test125" time="0.0010" />
  <testcase classname="RandoopTest0" name="test126" time="0.0" />
  <testcase classname="RandoopTest0" name="test127" time="0.0" />
  <testcase classname="RandoopTest0" name="test128" time="0.0010" />
  <testcase classname="RandoopTest0" name="test129" time="0.0" />
  <testcase classname="RandoopTest0" name="test130" time="0.0" />
  <testcase classname="RandoopTest0" name="test131" time="0.0" />
  <testcase classname="RandoopTest0" name="test132" time="0.0" />
  <testcase classname="RandoopTest0" name="test133" time="0.0" />
  <testcase classname="RandoopTest0" name="test134" time="0.0010" />
  <testcase classname="RandoopTest0" name="test135" time="0.0" />
  <testcase classname="RandoopTest0" name="test136" time="0.0" />
  <system-out><![CDATA[]]></system-out>
  <system-err><![CDATA[]]></system-err>
</testsuite>
